[debug] [2020-11-09T19:05:44.082Z] ----------------------------------------------------------------------
[debug] [2020-11-09T19:05:44.084Z] Command:       /usr/local/bin/firebase /Users/benjamindoyle/.cache/firebase/tools/lib/node_modules/firebase-tools/lib/bin/firebase deploy --only functions
[debug] [2020-11-09T19:05:44.084Z] CLI Version:   8.10.0
[debug] [2020-11-09T19:05:44.084Z] Platform:      darwin
[debug] [2020-11-09T19:05:44.084Z] Node Version:  v12.18.1
[debug] [2020-11-09T19:05:44.088Z] Time:          Mon Nov 09 2020 19:05:44 GMT+0000 (Greenwich Mean Time)
[debug] [2020-11-09T19:05:44.088Z] ----------------------------------------------------------------------
[debug] [2020-11-09T19:05:44.088Z] 
[debug] [2020-11-09T19:05:44.093Z] > command requires scopes: ["email","openid","https://www.googleapis.com/auth/cloudplatformprojects.readonly","https://www.googleapis.com/auth/firebase","https://www.googleapis.com/auth/cloud-platform"]
[debug] [2020-11-09T19:05:44.093Z] > authorizing via signed-in user
[debug] [2020-11-09T19:05:44.093Z] [iam] checking project stock-tracker-8f0ab for permissions ["cloudfunctions.functions.create","cloudfunctions.functions.delete","cloudfunctions.functions.get","cloudfunctions.functions.list","cloudfunctions.functions.update","cloudfunctions.operations.get","firebase.projects.get"]
[debug] [2020-11-09T19:05:44.095Z] >>> HTTP REQUEST POST https://cloudresourcemanager.googleapis.com/v1/projects/stock-tracker-8f0ab:testIamPermissions  
 {"permissions":["cloudfunctions.functions.create","cloudfunctions.functions.delete","cloudfunctions.functions.get","cloudfunctions.functions.list","cloudfunctions.functions.update","cloudfunctions.operations.get","firebase.projects.get"]}
[debug] [2020-11-09T19:05:44.786Z] <<< HTTP RESPONSE 200 {"content-type":"application/json; charset=UTF-8","vary":"X-Origin, Referer, Origin,Accept-Encoding","date":"Mon, 09 Nov 2020 19:05:44 GMT","server":"ESF","cache-control":"private","x-xss-protection":"0","x-frame-options":"SAMEORIGIN","x-content-type-options":"nosniff","server-timing":"gfet4t7; dur=550","alt-svc":"h3-Q050=\":443\"; ma=2592000,h3-29=\":443\"; ma=2592000,h3-T051=\":443\"; ma=2592000,h3-T050=\":443\"; ma=2592000,h3-Q046=\":443\"; ma=2592000,h3-Q043=\":443\"; ma=2592000,quic=\":443\"; ma=2592000; v=\"46,43\"","accept-ranges":"none","transfer-encoding":"chunked"}
[debug] [2020-11-09T19:05:44.787Z] >>> HTTP REQUEST POST https://iam.googleapis.com/v1/projects/stock-tracker-8f0ab/serviceAccounts/stock-tracker-8f0ab@appspot.gserviceaccount.com:testIamPermissions  
 {"permissions":["iam.serviceAccounts.actAs"]}
[debug] [2020-11-09T19:05:45.070Z] <<< HTTP RESPONSE 200 {"content-type":"application/json; charset=UTF-8","vary":"X-Origin, Referer, Origin,Accept-Encoding","date":"Mon, 09 Nov 2020 19:05:45 GMT","server":"ESF","cache-control":"private","x-xss-protection":"0","x-frame-options":"SAMEORIGIN","x-content-type-options":"nosniff","alt-svc":"h3-Q050=\":443\"; ma=2592000,h3-29=\":443\"; ma=2592000,h3-T051=\":443\"; ma=2592000,h3-T050=\":443\"; ma=2592000,h3-Q046=\":443\"; ma=2592000,h3-Q043=\":443\"; ma=2592000,quic=\":443\"; ma=2592000; v=\"46,43\"","accept-ranges":"none","transfer-encoding":"chunked"}
[info] 
[info] === Deploying to 'stock-tracker-8f0ab'...
[info] 
[info] i  deploying functions 
[info] Running command: npm --prefix "$RESOURCE_DIR" run lint
[info] ✔  functions: Finished running predeploy script. 
[debug] [2020-11-09T19:05:49.003Z] > [functions] package.json contents: {
  "name": "functions",
  "description": "Cloud Functions for Firebase",
  "scripts": {
    "lint": "eslint .",
    "serve": "firebase emulators:start --only functions",
    "shell": "firebase functions:shell",
    "start": "npm run shell",
    "deploy": "firebase deploy --only functions",
    "logs": "firebase functions:log"
  },
  "engines": {
    "node": "10"
  },
  "main": "index.js",
  "dependencies": {
    "firebase-admin": "^8.13.0",
    "firebase-functions": "^3.6.1",
    "puppeteer": "^5.4.1"
  },
  "devDependencies": {
    "eslint": "^5.12.0",
    "eslint-plugin-promise": "^4.0.1",
    "firebase-functions-test": "^0.2.0"
  },
  "private": true
}
[info] i  functions: ensuring required API cloudfunctions.googleapis.com is enabled... 
[info] i  functions: ensuring required API cloudbuild.googleapis.com is enabled... 
[debug] [2020-11-09T19:05:49.779Z] >>> HTTP REQUEST GET https://serviceusage.googleapis.com/v1/projects/stock-tracker-8f0ab/services/cloudfunctions.googleapis.com  
 
[debug] [2020-11-09T19:05:49.780Z] >>> HTTP REQUEST GET https://serviceusage.googleapis.com/v1/projects/stock-tracker-8f0ab/services/runtimeconfig.googleapis.com  
 
[debug] [2020-11-09T19:05:49.780Z] >>> HTTP REQUEST GET https://serviceusage.googleapis.com/v1/projects/stock-tracker-8f0ab/services/cloudbuild.googleapis.com  
 
[debug] [2020-11-09T19:05:50.624Z] <<< HTTP RESPONSE 200 {"content-type":"application/json; charset=UTF-8","vary":"X-Origin, Referer, Origin,Accept-Encoding","date":"Mon, 09 Nov 2020 19:05:50 GMT","server":"ESF","cache-control":"private","x-xss-protection":"0","x-frame-options":"SAMEORIGIN","x-content-type-options":"nosniff","alt-svc":"h3-Q050=\":443\"; ma=2592000,h3-29=\":443\"; ma=2592000,h3-T051=\":443\"; ma=2592000,h3-T050=\":443\"; ma=2592000,h3-Q046=\":443\"; ma=2592000,h3-Q043=\":443\"; ma=2592000,quic=\":443\"; ma=2592000; v=\"46,43\"","accept-ranges":"none","transfer-encoding":"chunked"}
[debug] [2020-11-09T19:05:50.647Z] <<< HTTP RESPONSE 200 {"content-type":"application/json; charset=UTF-8","vary":"X-Origin, Referer, Origin,Accept-Encoding","date":"Mon, 09 Nov 2020 19:05:50 GMT","server":"ESF","cache-control":"private","x-xss-protection":"0","x-frame-options":"SAMEORIGIN","x-content-type-options":"nosniff","alt-svc":"h3-Q050=\":443\"; ma=2592000,h3-29=\":443\"; ma=2592000,h3-T051=\":443\"; ma=2592000,h3-T050=\":443\"; ma=2592000,h3-Q046=\":443\"; ma=2592000,h3-Q043=\":443\"; ma=2592000,quic=\":443\"; ma=2592000; v=\"46,43\"","accept-ranges":"none","transfer-encoding":"chunked"}
[info] ✔  functions: required API cloudfunctions.googleapis.com is enabled 
[debug] [2020-11-09T19:05:50.648Z] <<< HTTP RESPONSE 200 {"content-type":"application/json; charset=UTF-8","vary":"X-Origin, Referer, Origin,Accept-Encoding","date":"Mon, 09 Nov 2020 19:05:50 GMT","server":"ESF","cache-control":"private","x-xss-protection":"0","x-frame-options":"SAMEORIGIN","x-content-type-options":"nosniff","alt-svc":"h3-Q050=\":443\"; ma=2592000,h3-29=\":443\"; ma=2592000,h3-T051=\":443\"; ma=2592000,h3-T050=\":443\"; ma=2592000,h3-Q046=\":443\"; ma=2592000,h3-Q043=\":443\"; ma=2592000,quic=\":443\"; ma=2592000; v=\"46,43\"","accept-ranges":"none","transfer-encoding":"chunked"}
[info] ✔  functions: required API cloudbuild.googleapis.com is enabled 
[debug] [2020-11-09T19:05:50.649Z] >>> HTTP REQUEST GET https://firebase.googleapis.com/v1beta1/projects/stock-tracker-8f0ab/adminSdkConfig  
 
[debug] [2020-11-09T19:05:51.031Z] <<< HTTP RESPONSE 200 {"content-type":"application/json; charset=UTF-8","vary":"X-Origin, Referer, Origin,Accept-Encoding","date":"Mon, 09 Nov 2020 19:05:51 GMT","server":"ESF","cache-control":"private","x-xss-protection":"0","x-frame-options":"SAMEORIGIN","x-content-type-options":"nosniff","alt-svc":"h3-Q050=\":443\"; ma=2592000,h3-29=\":443\"; ma=2592000,h3-T051=\":443\"; ma=2592000,h3-T050=\":443\"; ma=2592000,h3-Q046=\":443\"; ma=2592000,h3-Q043=\":443\"; ma=2592000,quic=\":443\"; ma=2592000; v=\"46,43\"","accept-ranges":"none","transfer-encoding":"chunked"}
[info] i  functions: preparing functions directory for uploading... 
[debug] [2020-11-09T19:05:51.032Z] >>> HTTP REQUEST GET https://runtimeconfig.googleapis.com/v1beta1/projects/stock-tracker-8f0ab/configs  
 
[debug] [2020-11-09T19:05:51.342Z] <<< HTTP RESPONSE 200 {"content-type":"application/json; charset=UTF-8","vary":"X-Origin, Referer, Origin,Accept-Encoding","date":"Mon, 09 Nov 2020 19:05:51 GMT","server":"ESF","cache-control":"private","x-xss-protection":"0","x-frame-options":"SAMEORIGIN","x-content-type-options":"nosniff","alt-svc":"h3-Q050=\":443\"; ma=2592000,h3-29=\":443\"; ma=2592000,h3-T051=\":443\"; ma=2592000,h3-T050=\":443\"; ma=2592000,h3-Q046=\":443\"; ma=2592000,h3-Q043=\":443\"; ma=2592000,quic=\":443\"; ma=2592000; v=\"46,43\"","accept-ranges":"none","transfer-encoding":"chunked"}
[info] i  functions: packaged functions (44.07 KB) for uploading 
[debug] [2020-11-09T19:05:51.573Z] >>> HTTP REQUEST GET https://cloudfunctions.googleapis.com/v1/projects/stock-tracker-8f0ab/locations/-/functions  
 
[debug] [2020-11-09T19:05:52.106Z] <<< HTTP RESPONSE 200 {"content-type":"application/json; charset=UTF-8","vary":"X-Origin, Referer, Origin,Accept-Encoding","date":"Mon, 09 Nov 2020 19:05:52 GMT","server":"ESF","cache-control":"private","x-xss-protection":"0","x-frame-options":"SAMEORIGIN","x-content-type-options":"nosniff","alt-svc":"h3-Q050=\":443\"; ma=2592000,h3-29=\":443\"; ma=2592000,h3-T051=\":443\"; ma=2592000,h3-T050=\":443\"; ma=2592000,h3-Q046=\":443\"; ma=2592000,h3-Q043=\":443\"; ma=2592000,quic=\":443\"; ma=2592000; v=\"46,43\"","accept-ranges":"none","transfer-encoding":"chunked"}
[debug] [2020-11-09T19:05:52.108Z] >>> HTTP REQUEST POST https://cloudfunctions.googleapis.com/v1/projects/stock-tracker-8f0ab/locations/us-central1/functions:generateUploadUrl  
 
[debug] [2020-11-09T19:05:52.671Z] <<< HTTP RESPONSE 200 {"content-type":"application/json; charset=UTF-8","vary":"X-Origin, Referer, Origin,Accept-Encoding","date":"Mon, 09 Nov 2020 19:05:52 GMT","server":"ESF","cache-control":"private","x-xss-protection":"0","x-frame-options":"SAMEORIGIN","x-content-type-options":"nosniff","alt-svc":"h3-Q050=\":443\"; ma=2592000,h3-29=\":443\"; ma=2592000,h3-T051=\":443\"; ma=2592000,h3-T050=\":443\"; ma=2592000,h3-Q046=\":443\"; ma=2592000,h3-Q043=\":443\"; ma=2592000,quic=\":443\"; ma=2592000; v=\"46,43\"","accept-ranges":"none","transfer-encoding":"chunked"}
[debug] [2020-11-09T19:05:52.671Z] >>> HTTP REQUEST PUT https://storage.googleapis.com/gcf-upload-us-central1-77fa35f2-ae7c-4101-b7bd-498f36131505/ba8eb52e-22ea-458b-95d5-f8b9ee9e89f4.zip?GoogleAccessId=service-232618417366@gcf-admin-robot.iam.gserviceaccount.com&Expires=1604950552&Signature=H%2FWfosX5vQs0C6C9TsFFcUQM7mplUPKgnHPEcbIMG5TLSr7uyfJBKcmdgajm2jDm5CNnz0PTq0b%2BvhwgpCvZ84wIEA5RbJxT9bQgPo0EX%2Bry3bYMlVzl7RYD4wxzB9qeHlXd1IjUeWYt%2Bvz63A69RPQ3DRKMjrOl%2B9BIO2pvBsY%2BQR1LocHkavASJy5UZyDeUOQy%2FcjgbBePekqzKM3xr4lNIJ6lPmJiFRzvFSVehLYH6AT%2Fms6Q94rTrJA013PL4kszh1lip3yoYy9%2BQEavmMT57aAHOkBHjVnR%2BnZwhcb1K5puoP34oB6buc%2BQG%2FSOOzPVKuFNJVWDoRvh3ETIng%3D%3D  
 <request body omitted>
[debug] [2020-11-09T19:05:52.955Z] <<< HTTP RESPONSE 200 {"x-guploader-uploadid":"ABg5-UzK_9xUF8wJoN5p-3e-_3N6QBYDCx2d0hnvi-7dS5eg23JQTTmtTilRO027dCFcXLXLJtHKEpzx7oyke2TWg4c","etag":"\"b11ad4da4c0265d3900503606488896a\"","x-goog-generation":"1604948753015736","x-goog-metageneration":"1","x-goog-hash":"crc32c=XKh0DA==, md5=sRrU2kwCZdOQBQNgZIiJag==","x-goog-stored-content-length":"45125","x-goog-stored-content-encoding":"identity","vary":"Origin","content-length":"0","date":"Mon, 09 Nov 2020 19:05:53 GMT","server":"UploadServer","content-type":"text/html; charset=UTF-8","alt-svc":"h3-Q050=\":443\"; ma=2592000,h3-29=\":443\"; ma=2592000,h3-T051=\":443\"; ma=2592000,h3-T050=\":443\"; ma=2592000,h3-Q046=\":443\"; ma=2592000,h3-Q043=\":443\"; ma=2592000,quic=\":443\"; ma=2592000; v=\"46,43\""}
[info] ✔  functions: functions folder uploaded successfully 
[info] i  functions: updating Node.js 10 function marketwatchScraper(us-central1)... 
[debug] [2020-11-09T19:05:52.957Z] Trigger is:  {"eventTrigger":{"resource":"projects/stock-tracker-8f0ab/topics/firebase-schedule-marketwatchScraper-us-central1","eventType":"google.pubsub.topic.publish","service":"pubsub.googleapis.com"}}
[info] i  scheduler: ensuring required API cloudscheduler.googleapis.com is enabled... 
[info] i  pubsub: ensuring required API pubsub.googleapis.com is enabled... 
[debug] [2020-11-09T19:05:52.958Z] >>> HTTP REQUEST GET https://serviceusage.googleapis.com/v1/projects/stock-tracker-8f0ab/services/cloudscheduler.googleapis.com  
 
[debug] [2020-11-09T19:05:52.958Z] >>> HTTP REQUEST GET https://serviceusage.googleapis.com/v1/projects/stock-tracker-8f0ab/services/pubsub.googleapis.com  
 
[debug] [2020-11-09T19:05:53.797Z] <<< HTTP RESPONSE 200 {"content-type":"application/json; charset=UTF-8","vary":"X-Origin, Referer, Origin,Accept-Encoding","date":"Mon, 09 Nov 2020 19:05:53 GMT","server":"ESF","cache-control":"private","x-xss-protection":"0","x-frame-options":"SAMEORIGIN","x-content-type-options":"nosniff","alt-svc":"h3-Q050=\":443\"; ma=2592000,h3-29=\":443\"; ma=2592000,h3-T051=\":443\"; ma=2592000,h3-T050=\":443\"; ma=2592000,h3-Q046=\":443\"; ma=2592000,h3-Q043=\":443\"; ma=2592000,quic=\":443\"; ma=2592000; v=\"46,43\"","accept-ranges":"none","transfer-encoding":"chunked"}
[info] ✔  scheduler: required API cloudscheduler.googleapis.com is enabled 
[debug] [2020-11-09T19:05:53.817Z] <<< HTTP RESPONSE 200 {"content-type":"application/json; charset=UTF-8","vary":"X-Origin, Referer, Origin,Accept-Encoding","date":"Mon, 09 Nov 2020 19:05:53 GMT","server":"ESF","cache-control":"private","x-xss-protection":"0","x-frame-options":"SAMEORIGIN","x-content-type-options":"nosniff","alt-svc":"h3-Q050=\":443\"; ma=2592000,h3-29=\":443\"; ma=2592000,h3-T051=\":443\"; ma=2592000,h3-T050=\":443\"; ma=2592000,h3-Q046=\":443\"; ma=2592000,h3-Q043=\":443\"; ma=2592000,quic=\":443\"; ma=2592000; v=\"46,43\"","accept-ranges":"none","transfer-encoding":"chunked"}
[info] ✔  pubsub: required API pubsub.googleapis.com is enabled 
[debug] [2020-11-09T19:05:53.818Z] >>> HTTP REQUEST GET https://cloudscheduler.googleapis.com/v1beta1/projects/stock-tracker-8f0ab/locations/us-central1/jobs/firebase-schedule-marketwatchScraper-us-central1  
 
[debug] [2020-11-09T19:05:54.347Z] <<< HTTP RESPONSE 200 {"content-type":"application/json; charset=UTF-8","vary":"X-Origin, Referer, Origin,Accept-Encoding","date":"Mon, 09 Nov 2020 19:05:54 GMT","server":"ESF","cache-control":"private","x-xss-protection":"0","x-frame-options":"SAMEORIGIN","x-content-type-options":"nosniff","alt-svc":"h3-Q050=\":443\"; ma=2592000,h3-29=\":443\"; ma=2592000,h3-T051=\":443\"; ma=2592000,h3-T050=\":443\"; ma=2592000,h3-Q046=\":443\"; ma=2592000,h3-Q043=\":443\"; ma=2592000,quic=\":443\"; ma=2592000; v=\"46,43\"","accept-ranges":"none","transfer-encoding":"chunked"}
[info] i  functions: scheduler job firebase-schedule-marketwatchScraper-us-central1 is up to date, no changes required 
[debug] [2020-11-09T19:05:54.349Z] >>> HTTP REQUEST PATCH https://cloudfunctions.googleapis.com/v1/projects/stock-tracker-8f0ab/locations/us-central1/functions/marketwatchScraper {"updateMask":"sourceUploadUrl,name,labels,runtime,availableMemoryMb,environmentVariables,eventTrigger.resource,eventTrigger.eventType,eventTrigger.service,eventTrigger.failurePolicy"} 
 {"sourceUploadUrl":"https://storage.googleapis.com/gcf-upload-us-central1-77fa35f2-ae7c-4101-b7bd-498f36131505/ba8eb52e-22ea-458b-95d5-f8b9ee9e89f4.zip?GoogleAccessId=service-232618417366@gcf-admin-robot.iam.gserviceaccount.com&Expires=1604950552&Signature=H%2FWfosX5vQs0C6C9TsFFcUQM7mplUPKgnHPEcbIMG5TLSr7uyfJBKcmdgajm2jDm5CNnz0PTq0b%2BvhwgpCvZ84wIEA5RbJxT9bQgPo0EX%2Bry3bYMlVzl7RYD4wxzB9qeHlXd1IjUeWYt%2Bvz63A69RPQ3DRKMjrOl%2B9BIO2pvBsY%2BQR1LocHkavASJy5UZyDeUOQy%2FcjgbBePekqzKM3xr4lNIJ6lPmJiFRzvFSVehLYH6AT%2Fms6Q94rTrJA013PL4kszh1lip3yoYy9%2BQEavmMT57aAHOkBHjVnR%2BnZwhcb1K5puoP34oB6buc%2BQG%2FSOOzPVKuFNJVWDoRvh3ETIng%3D%3D","name":"projects/stock-tracker-8f0ab/locations/us-central1/functions/marketwatchScraper","labels":{"deployment-tool":"cli-firebase","deployment-scheduled":"true"},"eventTrigger":{"resource":"projects/stock-tracker-8f0ab/topics/firebase-schedule-marketwatchScraper-us-central1","eventType":"google.pubsub.topic.publish","service":"pubsub.googleapis.com"},"runtime":"nodejs10","availableMemoryMb":1024,"environmentVariables":{"FIREBASE_CONFIG":"{\"projectId\":\"stock-tracker-8f0ab\",\"databaseURL\":\"https://stock-tracker-8f0ab.firebaseio.com\",\"storageBucket\":\"stock-tracker-8f0ab.appspot.com\",\"locationId\":\"us-central\"}"}}
[debug] [2020-11-09T19:05:54.875Z] <<< HTTP RESPONSE 200 {"content-type":"application/json; charset=UTF-8","vary":"X-Origin, Referer, Origin,Accept-Encoding","date":"Mon, 09 Nov 2020 19:05:54 GMT","server":"ESF","cache-control":"private","x-xss-protection":"0","x-frame-options":"SAMEORIGIN","x-content-type-options":"nosniff","alt-svc":"h3-Q050=\":443\"; ma=2592000,h3-29=\":443\"; ma=2592000,h3-T051=\":443\"; ma=2592000,h3-T050=\":443\"; ma=2592000,h3-Q046=\":443\"; ma=2592000,h3-Q043=\":443\"; ma=2592000,quic=\":443\"; ma=2592000; v=\"46,43\"","accept-ranges":"none","transfer-encoding":"chunked"}
[debug] [2020-11-09T19:05:54.877Z] >>> HTTP REQUEST GET https://cloudfunctions.googleapis.com/v1/operations/c3RvY2stdHJhY2tlci04ZjBhYi91cy1jZW50cmFsMS9tYXJrZXR3YXRjaFNjcmFwZXIvZzlKam9xUnp2Y3M  
 
[debug] [2020-11-09T19:05:55.093Z] <<< HTTP RESPONSE 200 {"content-type":"application/json; charset=UTF-8","vary":"X-Origin, Referer, Origin,Accept-Encoding","date":"Mon, 09 Nov 2020 19:05:55 GMT","server":"ESF","cache-control":"private","x-xss-protection":"0","x-frame-options":"SAMEORIGIN","x-content-type-options":"nosniff","alt-svc":"h3-Q050=\":443\"; ma=2592000,h3-29=\":443\"; ma=2592000,h3-T051=\":443\"; ma=2592000,h3-T050=\":443\"; ma=2592000,h3-Q046=\":443\"; ma=2592000,h3-Q043=\":443\"; ma=2592000,quic=\":443\"; ma=2592000; v=\"46,43\"","accept-ranges":"none","transfer-encoding":"chunked"}
[debug] [2020-11-09T19:05:57.094Z] >>> HTTP REQUEST GET https://cloudfunctions.googleapis.com/v1/operations/c3RvY2stdHJhY2tlci04ZjBhYi91cy1jZW50cmFsMS9tYXJrZXR3YXRjaFNjcmFwZXIvZzlKam9xUnp2Y3M  
 
[debug] [2020-11-09T19:05:57.307Z] <<< HTTP RESPONSE 200 {"content-type":"application/json; charset=UTF-8","vary":"X-Origin, Referer, Origin,Accept-Encoding","date":"Mon, 09 Nov 2020 19:05:57 GMT","server":"ESF","cache-control":"private","x-xss-protection":"0","x-frame-options":"SAMEORIGIN","x-content-type-options":"nosniff","alt-svc":"h3-Q050=\":443\"; ma=2592000,h3-29=\":443\"; ma=2592000,h3-T051=\":443\"; ma=2592000,h3-T050=\":443\"; ma=2592000,h3-Q046=\":443\"; ma=2592000,h3-Q043=\":443\"; ma=2592000,quic=\":443\"; ma=2592000; v=\"46,43\"","accept-ranges":"none","transfer-encoding":"chunked"}
[debug] [2020-11-09T19:05:59.309Z] >>> HTTP REQUEST GET https://cloudfunctions.googleapis.com/v1/operations/c3RvY2stdHJhY2tlci04ZjBhYi91cy1jZW50cmFsMS9tYXJrZXR3YXRjaFNjcmFwZXIvZzlKam9xUnp2Y3M  
 
[debug] [2020-11-09T19:05:59.526Z] <<< HTTP RESPONSE 200 {"content-type":"application/json; charset=UTF-8","vary":"X-Origin, Referer, Origin,Accept-Encoding","date":"Mon, 09 Nov 2020 19:05:59 GMT","server":"ESF","cache-control":"private","x-xss-protection":"0","x-frame-options":"SAMEORIGIN","x-content-type-options":"nosniff","alt-svc":"h3-Q050=\":443\"; ma=2592000,h3-29=\":443\"; ma=2592000,h3-T051=\":443\"; ma=2592000,h3-T050=\":443\"; ma=2592000,h3-Q046=\":443\"; ma=2592000,h3-Q043=\":443\"; ma=2592000,quic=\":443\"; ma=2592000; v=\"46,43\"","accept-ranges":"none","transfer-encoding":"chunked"}
[debug] [2020-11-09T19:06:01.526Z] >>> HTTP REQUEST GET https://cloudfunctions.googleapis.com/v1/operations/c3RvY2stdHJhY2tlci04ZjBhYi91cy1jZW50cmFsMS9tYXJrZXR3YXRjaFNjcmFwZXIvZzlKam9xUnp2Y3M  
 
[debug] [2020-11-09T19:06:01.743Z] <<< HTTP RESPONSE 200 {"content-type":"application/json; charset=UTF-8","vary":"X-Origin, Referer, Origin,Accept-Encoding","date":"Mon, 09 Nov 2020 19:06:01 GMT","server":"ESF","cache-control":"private","x-xss-protection":"0","x-frame-options":"SAMEORIGIN","x-content-type-options":"nosniff","alt-svc":"h3-Q050=\":443\"; ma=2592000,h3-29=\":443\"; ma=2592000,h3-T051=\":443\"; ma=2592000,h3-T050=\":443\"; ma=2592000,h3-Q046=\":443\"; ma=2592000,h3-Q043=\":443\"; ma=2592000,quic=\":443\"; ma=2592000; v=\"46,43\"","accept-ranges":"none","transfer-encoding":"chunked"}
[debug] [2020-11-09T19:06:03.744Z] >>> HTTP REQUEST GET https://cloudfunctions.googleapis.com/v1/operations/c3RvY2stdHJhY2tlci04ZjBhYi91cy1jZW50cmFsMS9tYXJrZXR3YXRjaFNjcmFwZXIvZzlKam9xUnp2Y3M  
 
[debug] [2020-11-09T19:06:03.955Z] <<< HTTP RESPONSE 200 {"content-type":"application/json; charset=UTF-8","vary":"X-Origin, Referer, Origin,Accept-Encoding","date":"Mon, 09 Nov 2020 19:06:04 GMT","server":"ESF","cache-control":"private","x-xss-protection":"0","x-frame-options":"SAMEORIGIN","x-content-type-options":"nosniff","alt-svc":"h3-Q050=\":443\"; ma=2592000,h3-29=\":443\"; ma=2592000,h3-T051=\":443\"; ma=2592000,h3-T050=\":443\"; ma=2592000,h3-Q046=\":443\"; ma=2592000,h3-Q043=\":443\"; ma=2592000,quic=\":443\"; ma=2592000; v=\"46,43\"","accept-ranges":"none","transfer-encoding":"chunked"}
[debug] [2020-11-09T19:06:05.955Z] >>> HTTP REQUEST GET https://cloudfunctions.googleapis.com/v1/operations/c3RvY2stdHJhY2tlci04ZjBhYi91cy1jZW50cmFsMS9tYXJrZXR3YXRjaFNjcmFwZXIvZzlKam9xUnp2Y3M  
 
[debug] [2020-11-09T19:06:06.177Z] <<< HTTP RESPONSE 200 {"content-type":"application/json; charset=UTF-8","vary":"X-Origin, Referer, Origin,Accept-Encoding","date":"Mon, 09 Nov 2020 19:06:06 GMT","server":"ESF","cache-control":"private","x-xss-protection":"0","x-frame-options":"SAMEORIGIN","x-content-type-options":"nosniff","alt-svc":"h3-Q050=\":443\"; ma=2592000,h3-29=\":443\"; ma=2592000,h3-T051=\":443\"; ma=2592000,h3-T050=\":443\"; ma=2592000,h3-Q046=\":443\"; ma=2592000,h3-Q043=\":443\"; ma=2592000,quic=\":443\"; ma=2592000; v=\"46,43\"","accept-ranges":"none","transfer-encoding":"chunked"}
[debug] [2020-11-09T19:06:08.180Z] >>> HTTP REQUEST GET https://cloudfunctions.googleapis.com/v1/operations/c3RvY2stdHJhY2tlci04ZjBhYi91cy1jZW50cmFsMS9tYXJrZXR3YXRjaFNjcmFwZXIvZzlKam9xUnp2Y3M  
 
[debug] [2020-11-09T19:06:08.401Z] <<< HTTP RESPONSE 200 {"content-type":"application/json; charset=UTF-8","vary":"X-Origin, Referer, Origin,Accept-Encoding","date":"Mon, 09 Nov 2020 19:06:08 GMT","server":"ESF","cache-control":"private","x-xss-protection":"0","x-frame-options":"SAMEORIGIN","x-content-type-options":"nosniff","alt-svc":"h3-Q050=\":443\"; ma=2592000,h3-29=\":443\"; ma=2592000,h3-T051=\":443\"; ma=2592000,h3-T050=\":443\"; ma=2592000,h3-Q046=\":443\"; ma=2592000,h3-Q043=\":443\"; ma=2592000,quic=\":443\"; ma=2592000; v=\"46,43\"","accept-ranges":"none","transfer-encoding":"chunked"}
[debug] [2020-11-09T19:06:10.402Z] >>> HTTP REQUEST GET https://cloudfunctions.googleapis.com/v1/operations/c3RvY2stdHJhY2tlci04ZjBhYi91cy1jZW50cmFsMS9tYXJrZXR3YXRjaFNjcmFwZXIvZzlKam9xUnp2Y3M  
 
[debug] [2020-11-09T19:06:10.613Z] <<< HTTP RESPONSE 200 {"content-type":"application/json; charset=UTF-8","vary":"X-Origin, Referer, Origin,Accept-Encoding","date":"Mon, 09 Nov 2020 19:06:10 GMT","server":"ESF","cache-control":"private","x-xss-protection":"0","x-frame-options":"SAMEORIGIN","x-content-type-options":"nosniff","alt-svc":"h3-Q050=\":443\"; ma=2592000,h3-29=\":443\"; ma=2592000,h3-T051=\":443\"; ma=2592000,h3-T050=\":443\"; ma=2592000,h3-Q046=\":443\"; ma=2592000,h3-Q043=\":443\"; ma=2592000,quic=\":443\"; ma=2592000; v=\"46,43\"","accept-ranges":"none","transfer-encoding":"chunked"}
[debug] [2020-11-09T19:06:12.620Z] >>> HTTP REQUEST GET https://cloudfunctions.googleapis.com/v1/operations/c3RvY2stdHJhY2tlci04ZjBhYi91cy1jZW50cmFsMS9tYXJrZXR3YXRjaFNjcmFwZXIvZzlKam9xUnp2Y3M  
 
[debug] [2020-11-09T19:06:12.831Z] <<< HTTP RESPONSE 200 {"content-type":"application/json; charset=UTF-8","vary":"X-Origin, Referer, Origin,Accept-Encoding","date":"Mon, 09 Nov 2020 19:06:12 GMT","server":"ESF","cache-control":"private","x-xss-protection":"0","x-frame-options":"SAMEORIGIN","x-content-type-options":"nosniff","alt-svc":"h3-Q050=\":443\"; ma=2592000,h3-29=\":443\"; ma=2592000,h3-T051=\":443\"; ma=2592000,h3-T050=\":443\"; ma=2592000,h3-Q046=\":443\"; ma=2592000,h3-Q043=\":443\"; ma=2592000,quic=\":443\"; ma=2592000; v=\"46,43\"","accept-ranges":"none","transfer-encoding":"chunked"}
[debug] [2020-11-09T19:06:14.834Z] >>> HTTP REQUEST GET https://cloudfunctions.googleapis.com/v1/operations/c3RvY2stdHJhY2tlci04ZjBhYi91cy1jZW50cmFsMS9tYXJrZXR3YXRjaFNjcmFwZXIvZzlKam9xUnp2Y3M  
 
[debug] [2020-11-09T19:06:15.047Z] <<< HTTP RESPONSE 200 {"content-type":"application/json; charset=UTF-8","vary":"X-Origin, Referer, Origin,Accept-Encoding","date":"Mon, 09 Nov 2020 19:06:15 GMT","server":"ESF","cache-control":"private","x-xss-protection":"0","x-frame-options":"SAMEORIGIN","x-content-type-options":"nosniff","alt-svc":"h3-Q050=\":443\"; ma=2592000,h3-29=\":443\"; ma=2592000,h3-T051=\":443\"; ma=2592000,h3-T050=\":443\"; ma=2592000,h3-Q046=\":443\"; ma=2592000,h3-Q043=\":443\"; ma=2592000,quic=\":443\"; ma=2592000; v=\"46,43\"","accept-ranges":"none","transfer-encoding":"chunked"}
[debug] [2020-11-09T19:06:17.051Z] >>> HTTP REQUEST GET https://cloudfunctions.googleapis.com/v1/operations/c3RvY2stdHJhY2tlci04ZjBhYi91cy1jZW50cmFsMS9tYXJrZXR3YXRjaFNjcmFwZXIvZzlKam9xUnp2Y3M  
 
[debug] [2020-11-09T19:06:17.255Z] <<< HTTP RESPONSE 200 {"content-type":"application/json; charset=UTF-8","vary":"X-Origin, Referer, Origin,Accept-Encoding","date":"Mon, 09 Nov 2020 19:06:17 GMT","server":"ESF","cache-control":"private","x-xss-protection":"0","x-frame-options":"SAMEORIGIN","x-content-type-options":"nosniff","alt-svc":"h3-Q050=\":443\"; ma=2592000,h3-29=\":443\"; ma=2592000,h3-T051=\":443\"; ma=2592000,h3-T050=\":443\"; ma=2592000,h3-Q046=\":443\"; ma=2592000,h3-Q043=\":443\"; ma=2592000,quic=\":443\"; ma=2592000; v=\"46,43\"","accept-ranges":"none","transfer-encoding":"chunked"}
[debug] [2020-11-09T19:06:19.255Z] >>> HTTP REQUEST GET https://cloudfunctions.googleapis.com/v1/operations/c3RvY2stdHJhY2tlci04ZjBhYi91cy1jZW50cmFsMS9tYXJrZXR3YXRjaFNjcmFwZXIvZzlKam9xUnp2Y3M  
 
[debug] [2020-11-09T19:06:19.473Z] <<< HTTP RESPONSE 200 {"content-type":"application/json; charset=UTF-8","vary":"X-Origin, Referer, Origin,Accept-Encoding","date":"Mon, 09 Nov 2020 19:06:19 GMT","server":"ESF","cache-control":"private","x-xss-protection":"0","x-frame-options":"SAMEORIGIN","x-content-type-options":"nosniff","alt-svc":"h3-Q050=\":443\"; ma=2592000,h3-29=\":443\"; ma=2592000,h3-T051=\":443\"; ma=2592000,h3-T050=\":443\"; ma=2592000,h3-Q046=\":443\"; ma=2592000,h3-Q043=\":443\"; ma=2592000,quic=\":443\"; ma=2592000; v=\"46,43\"","accept-ranges":"none","transfer-encoding":"chunked"}
[debug] [2020-11-09T19:06:21.474Z] >>> HTTP REQUEST GET https://cloudfunctions.googleapis.com/v1/operations/c3RvY2stdHJhY2tlci04ZjBhYi91cy1jZW50cmFsMS9tYXJrZXR3YXRjaFNjcmFwZXIvZzlKam9xUnp2Y3M  
 
[debug] [2020-11-09T19:06:21.691Z] <<< HTTP RESPONSE 200 {"content-type":"application/json; charset=UTF-8","vary":"X-Origin, Referer, Origin,Accept-Encoding","date":"Mon, 09 Nov 2020 19:06:21 GMT","server":"ESF","cache-control":"private","x-xss-protection":"0","x-frame-options":"SAMEORIGIN","x-content-type-options":"nosniff","alt-svc":"h3-Q050=\":443\"; ma=2592000,h3-29=\":443\"; ma=2592000,h3-T051=\":443\"; ma=2592000,h3-T050=\":443\"; ma=2592000,h3-Q046=\":443\"; ma=2592000,h3-Q043=\":443\"; ma=2592000,quic=\":443\"; ma=2592000; v=\"46,43\"","accept-ranges":"none","transfer-encoding":"chunked"}
[debug] [2020-11-09T19:06:23.692Z] >>> HTTP REQUEST GET https://cloudfunctions.googleapis.com/v1/operations/c3RvY2stdHJhY2tlci04ZjBhYi91cy1jZW50cmFsMS9tYXJrZXR3YXRjaFNjcmFwZXIvZzlKam9xUnp2Y3M  
 
[debug] [2020-11-09T19:06:23.903Z] <<< HTTP RESPONSE 200 {"content-type":"application/json; charset=UTF-8","vary":"X-Origin, Referer, Origin,Accept-Encoding","date":"Mon, 09 Nov 2020 19:06:24 GMT","server":"ESF","cache-control":"private","x-xss-protection":"0","x-frame-options":"SAMEORIGIN","x-content-type-options":"nosniff","alt-svc":"h3-Q050=\":443\"; ma=2592000,h3-29=\":443\"; ma=2592000,h3-T051=\":443\"; ma=2592000,h3-T050=\":443\"; ma=2592000,h3-Q046=\":443\"; ma=2592000,h3-Q043=\":443\"; ma=2592000,quic=\":443\"; ma=2592000; v=\"46,43\"","accept-ranges":"none","transfer-encoding":"chunked"}
[debug] [2020-11-09T19:06:25.904Z] >>> HTTP REQUEST GET https://cloudfunctions.googleapis.com/v1/operations/c3RvY2stdHJhY2tlci04ZjBhYi91cy1jZW50cmFsMS9tYXJrZXR3YXRjaFNjcmFwZXIvZzlKam9xUnp2Y3M  
 
[debug] [2020-11-09T19:06:26.160Z] <<< HTTP RESPONSE 200 {"content-type":"application/json; charset=UTF-8","vary":"X-Origin, Referer, Origin,Accept-Encoding","date":"Mon, 09 Nov 2020 19:06:26 GMT","server":"ESF","cache-control":"private","x-xss-protection":"0","x-frame-options":"SAMEORIGIN","x-content-type-options":"nosniff","alt-svc":"h3-Q050=\":443\"; ma=2592000,h3-29=\":443\"; ma=2592000,h3-T051=\":443\"; ma=2592000,h3-T050=\":443\"; ma=2592000,h3-Q046=\":443\"; ma=2592000,h3-Q043=\":443\"; ma=2592000,quic=\":443\"; ma=2592000; v=\"46,43\"","accept-ranges":"none","transfer-encoding":"chunked"}
[debug] [2020-11-09T19:06:28.160Z] >>> HTTP REQUEST GET https://cloudfunctions.googleapis.com/v1/operations/c3RvY2stdHJhY2tlci04ZjBhYi91cy1jZW50cmFsMS9tYXJrZXR3YXRjaFNjcmFwZXIvZzlKam9xUnp2Y3M  
 
[debug] [2020-11-09T19:06:28.371Z] <<< HTTP RESPONSE 200 {"content-type":"application/json; charset=UTF-8","vary":"X-Origin, Referer, Origin,Accept-Encoding","date":"Mon, 09 Nov 2020 19:06:28 GMT","server":"ESF","cache-control":"private","x-xss-protection":"0","x-frame-options":"SAMEORIGIN","x-content-type-options":"nosniff","alt-svc":"h3-Q050=\":443\"; ma=2592000,h3-29=\":443\"; ma=2592000,h3-T051=\":443\"; ma=2592000,h3-T050=\":443\"; ma=2592000,h3-Q046=\":443\"; ma=2592000,h3-Q043=\":443\"; ma=2592000,quic=\":443\"; ma=2592000; v=\"46,43\"","accept-ranges":"none","transfer-encoding":"chunked"}
[debug] [2020-11-09T19:06:30.376Z] >>> HTTP REQUEST GET https://cloudfunctions.googleapis.com/v1/operations/c3RvY2stdHJhY2tlci04ZjBhYi91cy1jZW50cmFsMS9tYXJrZXR3YXRjaFNjcmFwZXIvZzlKam9xUnp2Y3M  
 
[debug] [2020-11-09T19:06:30.594Z] <<< HTTP RESPONSE 200 {"content-type":"application/json; charset=UTF-8","vary":"X-Origin, Referer, Origin,Accept-Encoding","date":"Mon, 09 Nov 2020 19:06:30 GMT","server":"ESF","cache-control":"private","x-xss-protection":"0","x-frame-options":"SAMEORIGIN","x-content-type-options":"nosniff","alt-svc":"h3-Q050=\":443\"; ma=2592000,h3-29=\":443\"; ma=2592000,h3-T051=\":443\"; ma=2592000,h3-T050=\":443\"; ma=2592000,h3-Q046=\":443\"; ma=2592000,h3-Q043=\":443\"; ma=2592000,quic=\":443\"; ma=2592000; v=\"46,43\"","accept-ranges":"none","transfer-encoding":"chunked"}
[debug] [2020-11-09T19:06:32.594Z] >>> HTTP REQUEST GET https://cloudfunctions.googleapis.com/v1/operations/c3RvY2stdHJhY2tlci04ZjBhYi91cy1jZW50cmFsMS9tYXJrZXR3YXRjaFNjcmFwZXIvZzlKam9xUnp2Y3M  
 
[debug] [2020-11-09T19:06:32.806Z] <<< HTTP RESPONSE 200 {"content-type":"application/json; charset=UTF-8","vary":"X-Origin, Referer, Origin,Accept-Encoding","date":"Mon, 09 Nov 2020 19:06:32 GMT","server":"ESF","cache-control":"private","x-xss-protection":"0","x-frame-options":"SAMEORIGIN","x-content-type-options":"nosniff","alt-svc":"h3-Q050=\":443\"; ma=2592000,h3-29=\":443\"; ma=2592000,h3-T051=\":443\"; ma=2592000,h3-T050=\":443\"; ma=2592000,h3-Q046=\":443\"; ma=2592000,h3-Q043=\":443\"; ma=2592000,quic=\":443\"; ma=2592000; v=\"46,43\"","accept-ranges":"none","transfer-encoding":"chunked"}
[debug] [2020-11-09T19:06:34.806Z] >>> HTTP REQUEST GET https://cloudfunctions.googleapis.com/v1/operations/c3RvY2stdHJhY2tlci04ZjBhYi91cy1jZW50cmFsMS9tYXJrZXR3YXRjaFNjcmFwZXIvZzlKam9xUnp2Y3M  
 
[debug] [2020-11-09T19:06:35.012Z] <<< HTTP RESPONSE 200 {"content-type":"application/json; charset=UTF-8","vary":"X-Origin, Referer, Origin,Accept-Encoding","date":"Mon, 09 Nov 2020 19:06:35 GMT","server":"ESF","cache-control":"private","x-xss-protection":"0","x-frame-options":"SAMEORIGIN","x-content-type-options":"nosniff","alt-svc":"h3-Q050=\":443\"; ma=2592000,h3-29=\":443\"; ma=2592000,h3-T051=\":443\"; ma=2592000,h3-T050=\":443\"; ma=2592000,h3-Q046=\":443\"; ma=2592000,h3-Q043=\":443\"; ma=2592000,quic=\":443\"; ma=2592000; v=\"46,43\"","accept-ranges":"none","transfer-encoding":"chunked"}
[debug] [2020-11-09T19:06:37.015Z] >>> HTTP REQUEST GET https://cloudfunctions.googleapis.com/v1/operations/c3RvY2stdHJhY2tlci04ZjBhYi91cy1jZW50cmFsMS9tYXJrZXR3YXRjaFNjcmFwZXIvZzlKam9xUnp2Y3M  
 
[debug] [2020-11-09T19:06:37.225Z] <<< HTTP RESPONSE 200 {"content-type":"application/json; charset=UTF-8","vary":"X-Origin, Referer, Origin,Accept-Encoding","date":"Mon, 09 Nov 2020 19:06:37 GMT","server":"ESF","cache-control":"private","x-xss-protection":"0","x-frame-options":"SAMEORIGIN","x-content-type-options":"nosniff","alt-svc":"h3-Q050=\":443\"; ma=2592000,h3-29=\":443\"; ma=2592000,h3-T051=\":443\"; ma=2592000,h3-T050=\":443\"; ma=2592000,h3-Q046=\":443\"; ma=2592000,h3-Q043=\":443\"; ma=2592000,quic=\":443\"; ma=2592000; v=\"46,43\"","accept-ranges":"none","transfer-encoding":"chunked"}
[debug] [2020-11-09T19:06:39.225Z] >>> HTTP REQUEST GET https://cloudfunctions.googleapis.com/v1/operations/c3RvY2stdHJhY2tlci04ZjBhYi91cy1jZW50cmFsMS9tYXJrZXR3YXRjaFNjcmFwZXIvZzlKam9xUnp2Y3M  
 
[debug] [2020-11-09T19:06:39.437Z] <<< HTTP RESPONSE 200 {"content-type":"application/json; charset=UTF-8","vary":"X-Origin, Referer, Origin,Accept-Encoding","date":"Mon, 09 Nov 2020 19:06:39 GMT","server":"ESF","cache-control":"private","x-xss-protection":"0","x-frame-options":"SAMEORIGIN","x-content-type-options":"nosniff","alt-svc":"h3-Q050=\":443\"; ma=2592000,h3-29=\":443\"; ma=2592000,h3-T051=\":443\"; ma=2592000,h3-T050=\":443\"; ma=2592000,h3-Q046=\":443\"; ma=2592000,h3-Q043=\":443\"; ma=2592000,quic=\":443\"; ma=2592000; v=\"46,43\"","accept-ranges":"none","transfer-encoding":"chunked"}
[debug] [2020-11-09T19:06:41.441Z] >>> HTTP REQUEST GET https://cloudfunctions.googleapis.com/v1/operations/c3RvY2stdHJhY2tlci04ZjBhYi91cy1jZW50cmFsMS9tYXJrZXR3YXRjaFNjcmFwZXIvZzlKam9xUnp2Y3M  
 
[debug] [2020-11-09T19:06:41.651Z] <<< HTTP RESPONSE 200 {"content-type":"application/json; charset=UTF-8","vary":"X-Origin, Referer, Origin,Accept-Encoding","date":"Mon, 09 Nov 2020 19:06:41 GMT","server":"ESF","cache-control":"private","x-xss-protection":"0","x-frame-options":"SAMEORIGIN","x-content-type-options":"nosniff","alt-svc":"h3-Q050=\":443\"; ma=2592000,h3-29=\":443\"; ma=2592000,h3-T051=\":443\"; ma=2592000,h3-T050=\":443\"; ma=2592000,h3-Q046=\":443\"; ma=2592000,h3-Q043=\":443\"; ma=2592000,quic=\":443\"; ma=2592000; v=\"46,43\"","accept-ranges":"none","transfer-encoding":"chunked"}
[debug] [2020-11-09T19:06:43.651Z] >>> HTTP REQUEST GET https://cloudfunctions.googleapis.com/v1/operations/c3RvY2stdHJhY2tlci04ZjBhYi91cy1jZW50cmFsMS9tYXJrZXR3YXRjaFNjcmFwZXIvZzlKam9xUnp2Y3M  
 
[debug] [2020-11-09T19:06:43.852Z] <<< HTTP RESPONSE 200 {"content-type":"application/json; charset=UTF-8","vary":"X-Origin, Referer, Origin,Accept-Encoding","date":"Mon, 09 Nov 2020 19:06:43 GMT","server":"ESF","cache-control":"private","x-xss-protection":"0","x-frame-options":"SAMEORIGIN","x-content-type-options":"nosniff","alt-svc":"h3-Q050=\":443\"; ma=2592000,h3-29=\":443\"; ma=2592000,h3-T051=\":443\"; ma=2592000,h3-T050=\":443\"; ma=2592000,h3-Q046=\":443\"; ma=2592000,h3-Q043=\":443\"; ma=2592000,quic=\":443\"; ma=2592000; v=\"46,43\"","accept-ranges":"none","transfer-encoding":"chunked"}
[debug] [2020-11-09T19:06:45.852Z] >>> HTTP REQUEST GET https://cloudfunctions.googleapis.com/v1/operations/c3RvY2stdHJhY2tlci04ZjBhYi91cy1jZW50cmFsMS9tYXJrZXR3YXRjaFNjcmFwZXIvZzlKam9xUnp2Y3M  
 
[debug] [2020-11-09T19:06:46.057Z] <<< HTTP RESPONSE 200 {"content-type":"application/json; charset=UTF-8","vary":"X-Origin, Referer, Origin,Accept-Encoding","date":"Mon, 09 Nov 2020 19:06:46 GMT","server":"ESF","cache-control":"private","x-xss-protection":"0","x-frame-options":"SAMEORIGIN","x-content-type-options":"nosniff","alt-svc":"h3-Q050=\":443\"; ma=2592000,h3-29=\":443\"; ma=2592000,h3-T051=\":443\"; ma=2592000,h3-T050=\":443\"; ma=2592000,h3-Q046=\":443\"; ma=2592000,h3-Q043=\":443\"; ma=2592000,quic=\":443\"; ma=2592000; v=\"46,43\"","accept-ranges":"none","transfer-encoding":"chunked"}
[debug] [2020-11-09T19:06:48.057Z] >>> HTTP REQUEST GET https://cloudfunctions.googleapis.com/v1/operations/c3RvY2stdHJhY2tlci04ZjBhYi91cy1jZW50cmFsMS9tYXJrZXR3YXRjaFNjcmFwZXIvZzlKam9xUnp2Y3M  
 
[debug] [2020-11-09T19:06:48.264Z] <<< HTTP RESPONSE 200 {"content-type":"application/json; charset=UTF-8","vary":"X-Origin, Referer, Origin,Accept-Encoding","date":"Mon, 09 Nov 2020 19:06:48 GMT","server":"ESF","cache-control":"private","x-xss-protection":"0","x-frame-options":"SAMEORIGIN","x-content-type-options":"nosniff","alt-svc":"h3-Q050=\":443\"; ma=2592000,h3-29=\":443\"; ma=2592000,h3-T051=\":443\"; ma=2592000,h3-T050=\":443\"; ma=2592000,h3-Q046=\":443\"; ma=2592000,h3-Q043=\":443\"; ma=2592000,quic=\":443\"; ma=2592000; v=\"46,43\"","accept-ranges":"none","transfer-encoding":"chunked"}
[debug] [2020-11-09T19:06:50.265Z] >>> HTTP REQUEST GET https://cloudfunctions.googleapis.com/v1/operations/c3RvY2stdHJhY2tlci04ZjBhYi91cy1jZW50cmFsMS9tYXJrZXR3YXRjaFNjcmFwZXIvZzlKam9xUnp2Y3M  
 
[debug] [2020-11-09T19:06:50.494Z] <<< HTTP RESPONSE 200 {"content-type":"application/json; charset=UTF-8","vary":"X-Origin, Referer, Origin,Accept-Encoding","date":"Mon, 09 Nov 2020 19:06:50 GMT","server":"ESF","cache-control":"private","x-xss-protection":"0","x-frame-options":"SAMEORIGIN","x-content-type-options":"nosniff","alt-svc":"h3-Q050=\":443\"; ma=2592000,h3-29=\":443\"; ma=2592000,h3-T051=\":443\"; ma=2592000,h3-T050=\":443\"; ma=2592000,h3-Q046=\":443\"; ma=2592000,h3-Q043=\":443\"; ma=2592000,quic=\":443\"; ma=2592000; v=\"46,43\"","accept-ranges":"none","transfer-encoding":"chunked"}
[debug] [2020-11-09T19:06:52.495Z] >>> HTTP REQUEST GET https://cloudfunctions.googleapis.com/v1/operations/c3RvY2stdHJhY2tlci04ZjBhYi91cy1jZW50cmFsMS9tYXJrZXR3YXRjaFNjcmFwZXIvZzlKam9xUnp2Y3M  
 
[debug] [2020-11-09T19:06:52.698Z] <<< HTTP RESPONSE 200 {"content-type":"application/json; charset=UTF-8","vary":"X-Origin, Referer, Origin,Accept-Encoding","date":"Mon, 09 Nov 2020 19:06:52 GMT","server":"ESF","cache-control":"private","x-xss-protection":"0","x-frame-options":"SAMEORIGIN","x-content-type-options":"nosniff","alt-svc":"h3-Q050=\":443\"; ma=2592000,h3-29=\":443\"; ma=2592000,h3-T051=\":443\"; ma=2592000,h3-T050=\":443\"; ma=2592000,h3-Q046=\":443\"; ma=2592000,h3-Q043=\":443\"; ma=2592000,quic=\":443\"; ma=2592000; v=\"46,43\"","accept-ranges":"none","transfer-encoding":"chunked"}
[debug] [2020-11-09T19:06:54.699Z] >>> HTTP REQUEST GET https://cloudfunctions.googleapis.com/v1/operations/c3RvY2stdHJhY2tlci04ZjBhYi91cy1jZW50cmFsMS9tYXJrZXR3YXRjaFNjcmFwZXIvZzlKam9xUnp2Y3M  
 
[debug] [2020-11-09T19:06:54.902Z] <<< HTTP RESPONSE 200 {"content-type":"application/json; charset=UTF-8","vary":"X-Origin, Referer, Origin,Accept-Encoding","date":"Mon, 09 Nov 2020 19:06:55 GMT","server":"ESF","cache-control":"private","x-xss-protection":"0","x-frame-options":"SAMEORIGIN","x-content-type-options":"nosniff","alt-svc":"h3-Q050=\":443\"; ma=2592000,h3-29=\":443\"; ma=2592000,h3-T051=\":443\"; ma=2592000,h3-T050=\":443\"; ma=2592000,h3-Q046=\":443\"; ma=2592000,h3-Q043=\":443\"; ma=2592000,quic=\":443\"; ma=2592000; v=\"46,43\"","accept-ranges":"none","transfer-encoding":"chunked"}
